<?xml version="1.0" encoding="UTF-8"?>
<!-- Generated by org.testng.reporters.JUnitReportReporter -->
<testsuite skipped="0" hostname="DESKTOP-SNP8M5T" name="printline.github.jenkinsgitTest" tests="1" failures="0" timestamp="19 Jul 2019 23:59:44 GMT" time="10.174" errors="0">
  <testcase name="GoogleTest" time="10.174" classname="printline.github.jenkinsgitTest"/>
</testsuite> <!-- printline.github.jenkinsgitTest -->
